<?xml version="1.0" encoding="UTF-8"?>
<testng-results ignored="0" total="1" passed="1" failed="0" skipped="0">
  <reporter-output>
  </reporter-output>
  <suite started-at="2022-05-03T10:44:14 EDT" name="Suite" finished-at="2022-05-03T10:45:46 EDT" duration-ms="92283">
    <groups>
    </groups>
    <test started-at="2022-05-03T10:44:14 EDT" name="Test" finished-at="2022-05-03T10:45:46 EDT" duration-ms="92283">
      <class name="testFile.testFileTest">
        <test-method is-config="true" signature="beforeMethod()[pri:0, instance:testFile.testFileTest@487db668]" started-at="2022-05-03T10:44:14 EDT" name="beforeMethod" finished-at="2022-05-03T10:45:41 EDT" duration-ms="87017" status="PASS">
          <reporter-output>
          </reporter-output>
        </test-method> <!-- beforeMethod -->
        <test-method signature="f()[pri:0, instance:testFile.testFileTest@487db668]" started-at="2022-05-03T10:45:41 EDT" name="f" finished-at="2022-05-03T10:45:44 EDT" duration-ms="2833" status="PASS">
          <reporter-output>
          </reporter-output>
        </test-method> <!-- f -->
        <test-method is-config="true" signature="afterMethod()[pri:0, instance:testFile.testFileTest@487db668]" started-at="2022-05-03T10:45:46 EDT" name="afterMethod" finished-at="2022-05-03T10:45:46 EDT" duration-ms="394" status="PASS">
          <reporter-output>
          </reporter-output>
        </test-method> <!-- afterMethod -->
      </class> <!-- testFile.testFileTest -->
    </test> <!-- Test -->
  </suite> <!-- Suite -->
</testng-results>
